[debug] [2024-09-28T13:53:26.088Z] ----------------------------------------------------------------------
[debug] [2024-09-28T13:53:26.142Z] Command:       C:\Program Files\nodejs\node.exe C:\Users\khush\AppData\Roaming\npm\node_modules\firebase-tools\lib\bin\firebase.js init hosting
[debug] [2024-09-28T13:53:26.143Z] CLI Version:   13.20.1
[debug] [2024-09-28T13:53:26.143Z] Platform:      win32
[debug] [2024-09-28T13:53:26.143Z] Node Version:  v20.11.0
[debug] [2024-09-28T13:53:26.145Z] Time:          Sat Sep 28 2024 19:23:26 GMT+0530 (India Standard Time)
[debug] [2024-09-28T13:53:26.146Z] ----------------------------------------------------------------------
[debug] 
[debug] [2024-09-28T13:53:26.230Z] > command requires scopes: ["email","openid","https://www.googleapis.com/auth/cloudplatformprojects.readonly","https://www.googleapis.com/auth/firebase","https://www.googleapis.com/auth/cloud-platform"]
[debug] [2024-09-28T13:53:26.231Z] > authorizing via signed-in user (khushigedam2221@gmail.com)
[info] 
     ######## #### ########  ######## ########     ###     ######  ########
     ##        ##  ##     ## ##       ##     ##  ##   ##  ##       ##
     ######    ##  ########  ######   ########  #########  ######  ######
     ##        ##  ##    ##  ##       ##     ## ##     ##       ## ##
     ##       #### ##     ## ######## ########  ##     ##  ######  ########

You're about to initialize a Firebase project in this directory:

  C:\Users\khush

Before we get started, keep in mind:

  * You are initializing within an existing Firebase project directory

[info] 
=== Project Setup
[info] 
[info] First, let's associate this project directory with a Firebase project.
[info] You can create multiple project aliases by running firebase use --add, 
[info] but for now we'll just set up a default project.
[info] 
[debug] [2024-09-28T13:53:37.512Z] Using project from CLI flag: attendance-ce530
[debug] [2024-09-28T13:53:37.515Z] Checked if tokens are valid: false, expires at: 1727532272652
[debug] [2024-09-28T13:53:37.515Z] Checked if tokens are valid: false, expires at: 1727532272652
[debug] [2024-09-28T13:53:37.516Z] > refreshing access token with scopes: []
[debug] [2024-09-28T13:53:37.517Z] >>> [apiv2][query] POST https://www.googleapis.com/oauth2/v3/token [none]
[debug] [2024-09-28T13:53:37.517Z] >>> [apiv2][body] POST https://www.googleapis.com/oauth2/v3/token [omitted]
[debug] [2024-09-28T13:53:37.920Z] <<< [apiv2][status] POST https://www.googleapis.com/oauth2/v3/token 200
[debug] [2024-09-28T13:53:37.920Z] <<< [apiv2][body] POST https://www.googleapis.com/oauth2/v3/token [omitted]
[debug] [2024-09-28T13:53:37.926Z] >>> [apiv2][query] GET https://firebase.googleapis.com/v1beta1/projects/attendance-ce530 [none]
[debug] [2024-09-28T13:53:38.372Z] <<< [apiv2][status] GET https://firebase.googleapis.com/v1beta1/projects/attendance-ce530 200
[debug] [2024-09-28T13:53:38.372Z] <<< [apiv2][body] GET https://firebase.googleapis.com/v1beta1/projects/attendance-ce530 {"projectId":"attendance-ce530","projectNumber":"686012291058","displayName":"Attendance","name":"projects/attendance-ce530","resources":{"hostingSite":"attendance-ce530"},"state":"ACTIVE","etag":"1_dc0c5775-c8cc-49ae-85f4-359532fffd21"}
[info] i  Using project attendance-ce530 (Attendance) 
[info] 
=== Hosting Setup
[debug] [2024-09-28T13:53:38.381Z] Checked if tokens are valid: true, expires at: 1727535216920
[debug] [2024-09-28T13:53:38.382Z] Checked if tokens are valid: true, expires at: 1727535216920
[debug] [2024-09-28T13:53:38.382Z] >>> [apiv2][query] GET https://firebase.googleapis.com/v1beta1/projects/attendance-ce530 [none]
[debug] [2024-09-28T13:53:38.968Z] <<< [apiv2][status] GET https://firebase.googleapis.com/v1beta1/projects/attendance-ce530 200
[debug] [2024-09-28T13:53:38.969Z] <<< [apiv2][body] GET https://firebase.googleapis.com/v1beta1/projects/attendance-ce530 {"projectId":"attendance-ce530","projectNumber":"686012291058","displayName":"Attendance","name":"projects/attendance-ce530","resources":{"hostingSite":"attendance-ce530"},"state":"ACTIVE","etag":"1_dc0c5775-c8cc-49ae-85f4-359532fffd21"}
[info] 
[info] Your public directory is the folder (relative to your project directory) that
[info] will contain Hosting assets to be uploaded with firebase deploy. If you
[info] have a build process for your assets, use your build's output directory.
[info] 
[info] i  Skipping write of public/404.html 
[debug] [2024-09-28T13:54:40.447Z] >>> [apiv2][query] GET https://www.gstatic.com/firebasejs/releases.json [none]
[debug] [2024-09-28T13:54:40.625Z] <<< [apiv2][status] GET https://www.gstatic.com/firebasejs/releases.json 200
[debug] [2024-09-28T13:54:40.625Z] <<< [apiv2][body] GET https://www.gstatic.com/firebasejs/releases.json {"current":{"version":"10.13.2","browserURL":"https://www.gstatic.com/firebasejs/10.13.2/firebase.js","packageURL":"https://www.gstatic.com/firebasejs/10.13.2/firebase.tgz"},"live":{"version":"10.13","browserURL":"https://www.gstatic.com/firebasejs/live/10.13/firebase.js","packageURL":"https://www.gstatic.com/firebasejs/live/10.13/firebase.tgz"},"components":{"analytics":"https://www.gstatic.com/firebasejs/10.13.2/firebase-analytics.js","app":"https://www.gstatic.com/firebasejs/10.13.2/firebase-app.js","app-check":"https://www.gstatic.com/firebasejs/10.13.2/firebase-app-check.js","auth":"https://www.gstatic.com/firebasejs/10.13.2/firebase-auth.js","auth/cordova":"https://www.gstatic.com/firebasejs/10.13.2/firebase-auth/cordova.js","auth/web-extension":"https://www.gstatic.com/firebasejs/10.13.2/firebase-auth/web-extension.js","functions":"https://www.gstatic.com/firebasejs/10.13.2/firebase-functions.js","firestore":"https://www.gstatic.com/firebasejs/10.13.2/firebase-firestore.js","firestore/lite":"https://www.gstatic.com/firebasejs/10.13.2/firebase-firestore/lite.js","installations":"https://www.gstatic.com/firebasejs/10.13.2/firebase-installations.js","storage":"https://www.gstatic.com/firebasejs/10.13.2/firebase-storage.js","performance":"https://www.gstatic.com/firebasejs/10.13.2/firebase-performance.js","remote-config":"https://www.gstatic.com/firebasejs/10.13.2/firebase-remote-config.js","messaging":"https://www.gstatic.com/firebasejs/10.13.2/firebase-messaging.js","messaging/sw":"https://www.gstatic.com/firebasejs/10.13.2/firebase-messaging/sw.js","database":"https://www.gstatic.com/firebasejs/10.13.2/firebase-database.js","vertexai-preview":"https://www.gstatic.com/firebasejs/10.13.2/firebase-vertexai-preview.js","firestore.memory":"https://www.gstatic.com/firebasejs/10.13.2/firebase-firestore.memory.js"}}
[info] i  Skipping write of public/index.html 
[info] 
[info] i  Writing configuration info to firebase.json... 
[info] i  Writing project information to .firebaserc... 
[info] 
[info] +  Firebase initialization complete! 
